[2015-06-29 11:28:13] START
[2015-06-29 11:28:13] CREATE database_examples.py: 0
[2015-06-29 11:28:38] EDIT example_32/controllers/database_examples.py: 23
[2015-06-29 11:29:03] CREATE database_examples/buy.html: 0
[2015-06-29 11:29:23] EDIT example_32/views/database_examples/buy.html: 3
[2015-06-29 11:32:47] EDIT example_32/models/db.py: 23
[2015-06-29 11:35:28] EDIT example_32/controllers/database_examples.py: 20
[2015-06-29 11:35:50] CREATE database_examples/register_person.html: 0
[2015-06-29 11:36:12] EDIT example_32/views/database_examples/register_person.html: 2
[2015-06-29 11:36:32] CREATE database_examples/register_product.html: 0
[2015-06-29 11:36:52] EDIT example_32/views/database_examples/register_product.html: 2
[2015-06-29 13:43:10] EDIT example_32/controllers/database_examples.py: 2
[2015-06-29 13:43:39] EDIT example_32/controllers/database_examples.py: 4
[2015-06-29 14:51:06] EDIT example_32/controllers/database_examples.py: 1
[2015-06-29 14:51:26] EDIT example_32/controllers/database_examples.py: 0
[2015-06-29 14:51:36] EDIT example_32/controllers/database_examples.py: 0
[2015-06-29 14:52:35] EDIT example_32/controllers/database_examples.py: 0
[2015-06-29 15:19:31] EDIT example_32/models/menu.py: 0
[2015-06-29 15:21:18] EDIT example_32/controllers/default.py: 0
[2015-06-29 15:26:40] EDIT example_32/controllers/default.py: 50
[2015-06-29 15:27:40] EDIT example_32/views/default/index.html: -17
[2015-06-29 15:29:30] EDIT example_32/views/default/index.html: -5
[2015-06-29 15:30:44] EDIT example_32/views/default/index.html: 0
[2015-06-29 15:31:27] EDIT example_32/views/default/index.html: 0
[2015-06-29 15:32:30] EDIT example_32/views/default/index.html: 0
[2015-06-29 15:34:24] EDIT example_32/views/default/index.html: 0
[2015-06-29 15:35:30] EDIT example_32/views/default/index.html: 1
[2015-06-29 15:35:42] EDIT example_32/views/default/index.html: 0
[2015-06-29 15:35:54] EDIT example_32/views/default/index.html: 0
[2015-06-29 15:36:09] EDIT example_32/views/default/index.html: -1
[2015-06-29 15:37:15] EDIT example_32/controllers/default.py: -1
[2015-06-29 15:38:48] EDIT example_32/views/default/index.html: -7
[2015-06-29 15:39:15] EDIT example_32/views/default/index.html: 0
[2015-06-29 15:39:26] EDIT example_32/views/default/index.html: 0
[2015-06-29 15:40:35] EDIT example_32/views/default/index.html: -5
[2015-06-29 15:44:49] EDIT example_32/views/default/index.html: 1
[2015-06-29 15:57:05] EDIT example_32/views/default/index.html: 0
[2015-06-29 15:57:40] EDIT example_32/views/default/index.html: 0
[2015-06-29 16:10:25] EDIT example_32/views/default/index.html: 0
[2015-06-29 16:11:20] EDIT example_32/views/default/index.html: 0
[2015-06-29 16:11:51] EDIT example_32/views/default/index.html: 0
[2015-06-29 16:13:02] EDIT example_32/views/default/index.html: 0
[2015-06-29 16:13:43] EDIT example_32/views/default/index.html: 0
[2015-06-29 16:14:13] EDIT example_32/views/default/index.html: 0
[2015-06-29 16:15:08] EDIT example_32/views/default/index.html: -1
[2015-06-29 16:21:53] EDIT example_32/controllers/default.py: -45
[2015-06-29 16:22:32] EDIT example_32/controllers/default.py: 0
[2015-06-29 16:22:57] EDIT example_32/controllers/default.py: 0
[2015-06-29 16:24:47] EDIT example_32/controllers/default.py: -4
[2015-06-29 16:25:49] EDIT example_32/models/menu.py: 0
[2015-06-29 16:25:58] EDIT example_32/models/menu.py: 0
[2015-06-29 16:26:34] EDIT example_32/models/menu.py: 0
[2015-06-29 16:30:46] EDIT example_32/models/menu.py: 0
[2015-06-30 09:21:13] EDIT example_32/views/layout.html: 0
[2015-06-30 09:22:24] EDIT example_32/views/layout.html: 0
[2015-06-30 09:25:15] EDIT example_32/views/database_examples/register_person.html: 4
[2015-06-30 09:28:08] EDIT example_32/static/css/web2py.css: 0
[2015-06-30 09:29:01] EDIT example_32/views/database_examples/register_person.html: -2
[2015-06-30 09:33:19] EDIT example_32/static/css/web2py-bootstrap3.css: 0
[2015-06-30 09:33:38] EDIT example_32/static/css/web2py-bootstrap3.css: 0
[2015-06-30 09:34:47] EDIT example_32/static/css/web2py-bootstrap3.css: 0
[2015-06-30 09:35:07] EDIT example_32/static/css/web2py-bootstrap3.css: 0
[2015-06-30 09:35:25] EDIT example_32/static/css/web2py-bootstrap3.css: 0
[2015-06-30 09:43:39] EDIT example_32/views/database_examples/register_person.html: 16
[2015-06-30 09:44:54] EDIT example_32/views/database_examples/register_person.html: -10
[2015-06-30 09:48:41] EDIT example_32/static/css/web2py-bootstrap3.css: 0
[2015-06-30 10:00:55] EDIT example_32/views/database_examples/register_person.html: 1
[2015-06-30 10:08:44] EDIT example_32/views/database_examples/register_person.html: 2
[2015-06-30 10:09:04] EDIT example_32/views/database_examples/register_person.html: 0
[2015-06-30 10:09:20] EDIT example_32/views/database_examples/register_person.html: 0
[2015-06-30 10:09:33] EDIT example_32/views/database_examples/register_person.html: 0
[2015-06-30 10:12:54] EDIT example_32/views/database_examples/register_person.html: 0
[2015-06-30 10:14:18] EDIT example_32/views/database_examples/register_person.html: 4
[2015-06-30 10:14:57] EDIT example_32/views/database_examples/register_person.html: 0
[2015-06-30 10:16:42] EDIT example_32/views/database_examples/register_person.html: 4
[2015-06-30 10:16:57] EDIT example_32/views/database_examples/register_person.html: 0
[2015-06-30 10:17:13] EDIT example_32/views/database_examples/register_person.html: 0
[2015-06-30 10:17:23] EDIT example_32/views/database_examples/register_person.html: 0
[2015-06-30 10:18:09] EDIT example_32/controllers/database_examples.py: 0
[2015-06-30 10:20:43] EDIT example_32/controllers/database_examples.py: 0
[2015-06-30 10:21:16] EDIT example_32/controllers/database_examples.py: 0
[2015-06-30 10:40:37] EDIT example_32/views/database_examples/register_person.html: 1
[2015-06-30 10:41:00] EDIT example_32/views/database_examples/register_person.html: 0
[2015-06-30 10:41:10] EDIT example_32/views/database_examples/register_person.html: 0
[2015-06-30 10:42:20] EDIT example_32/views/database_examples/register_person.html: 0
[2015-06-30 10:42:40] EDIT example_32/views/database_examples/register_person.html: -1
[2015-06-30 10:43:02] EDIT example_32/views/database_examples/register_person.html: 0
[2015-06-30 10:44:51] EDIT example_32/views/database_examples/register_person.html: -1
[2015-06-30 10:45:12] EDIT example_32/views/database_examples/register_person.html: 1
[2015-06-30 10:49:41] EDIT example_32/controllers/database_examples.py: 1
[2015-06-30 10:51:06] EDIT example_32/views/database_examples/register_person.html: -23
[2015-06-30 10:51:19] EDIT example_32/views/database_examples/register_person.html: 23
[2015-06-30 10:52:55] EDIT example_32/controllers/database_examples.py: -1
[2015-06-30 11:03:50] EDIT example_32/controllers/database_examples.py: 2
[2015-06-30 11:04:51] EDIT example_32/controllers/database_examples.py: 0
[2015-06-30 11:05:09] EDIT example_32/controllers/database_examples.py: 1
[2015-06-30 11:05:35] EDIT example_32/views/database_examples/register_person.html: 0
[2015-06-30 11:06:53] EDIT example_32/controllers/database_examples.py: -3
[2015-06-30 11:07:43] EDIT example_32/controllers/database_examples.py: 0
[2015-06-30 11:08:16] EDIT example_32/controllers/database_examples.py: 2
[2015-06-30 11:08:44] EDIT example_32/controllers/database_examples.py: 0
[2015-06-30 11:10:14] EDIT example_32/controllers/database_examples.py: 0
[2015-06-30 11:14:21] EDIT example_32/controllers/database_examples.py: -2
[2015-06-30 11:14:43] EDIT example_32/controllers/database_examples.py: 0
[2015-06-30 11:15:31] EDIT example_32/controllers/database_examples.py: 0
[2015-06-30 11:15:57] EDIT example_32/views/database_examples/register_person.html: 0
[2015-06-30 11:16:05] EDIT example_32/controllers/database_examples.py: 0
[2015-06-30 11:16:14] EDIT example_32/controllers/database_examples.py: 0
[2015-06-30 11:20:24] EDIT example_32/controllers/database_examples.py: 0
[2015-06-30 11:20:41] EDIT example_32/controllers/database_examples.py: 0
[2015-06-30 11:27:38] EDIT example_32/controllers/database_examples.py: 0
[2015-06-30 11:28:17] EDIT example_32/controllers/database_examples.py: 0
[2015-06-30 11:28:21] EDIT example_32/controllers/database_examples.py: 0
[2015-07-01 10:00:23] EDIT example_32/controllers/database_examples.py: 2
[2015-07-01 10:00:50] EDIT example_32/controllers/database_examples.py: 0
[2015-07-01 10:02:05] EDIT example_32/controllers/database_examples.py: -1
[2015-07-01 10:13:08] EDIT example_32/controllers/database_examples.py: 0
[2015-07-01 10:28:37] EDIT example_32/controllers/database_examples.py: 1
[2015-07-01 10:28:55] EDIT example_32/controllers/database_examples.py: 0
[2015-07-01 10:29:08] EDIT example_32/controllers/database_examples.py: 0
[2015-07-01 10:29:14] EDIT example_32/controllers/database_examples.py: -1
[2015-07-01 10:40:25] EDIT example_32/controllers/database_examples.py: 1
[2015-07-01 10:40:41] EDIT example_32/controllers/database_examples.py: 0
[2015-07-01 10:50:44] EDIT example_32/controllers/database_examples.py: 1
[2015-07-01 10:53:11] EDIT example_32/controllers/database_examples.py: -1
[2015-07-01 10:53:43] EDIT example_32/controllers/database_examples.py: 0
[2015-07-01 10:54:07] EDIT example_32/controllers/database_examples.py: 0
[2015-07-01 10:56:01] EDIT example_32/views/database_examples/buy.html: 0
[2015-07-01 11:00:55] EDIT example_32/controllers/database_examples.py: 1
[2015-07-01 11:01:58] EDIT example_32/views/database_examples/buy.html: 1
[2015-07-01 11:03:03] EDIT example_32/views/database_examples/buy.html: -3
[2015-07-01 11:14:03] EDIT example_32/controllers/database_examples.py: 0
[2015-07-01 11:14:18] EDIT example_32/controllers/database_examples.py: 0
[2015-07-01 11:17:20] CREATE database_examples/manage_transactions.html_: 0
[2015-07-01 11:18:01] EDIT example_32/views/database_examples/manage_transactions.html_: 3
[2015-07-01 11:18:42] EDIT example_32/views/database_examples/manage_transactions.html_: 3
[2015-07-01 11:20:14] DELETE example_32/views/database_examples/manage_transactions.html_: -6
[2015-07-01 11:20:41] CREATE database_examples/manage_transactions.html: 0
[2015-07-01 11:20:51] EDIT example_32/views/database_examples/manage_transactions.html: 3
[2015-07-01 11:21:06] EDIT example_32/views/database_examples/manage_transactions.html: -1
[2015-07-01 14:03:01] EDIT example_32/controllers/database_examples.py: 1
[2015-07-01 14:03:21] EDIT example_32/controllers/database_examples.py: 3
[2015-07-01 14:09:48] EDIT example_32/controllers/database_examples.py: 0
[2015-07-21 20:59:18] EDIT example_32/models/db.py: 0
[2015-07-21 21:06:10] EDIT example_32/controllers/database_examples.py: 0
[2015-09-10 17:35:14] EDIT example_32/models/db.py: 0
[2015-09-10 17:37:26] EDIT example_32/controllers/database_examples.py: 5
[2015-09-10 17:37:31] EDIT example_32/controllers/database_examples.py: 0
[2015-09-10 17:38:56] EDIT example_32/models/db.py: 1
[2015-09-10 17:39:57] EDIT example_32/models/db.py: 0
[2015-09-14 23:45:04] EDIT example_32/controllers/database_examples.py: 0
[2015-09-14 23:45:58] EDIT example_32/controllers/database_examples.py: 0
[2015-09-14 23:56:35] EDIT example_32/controllers/database_examples.py: 0
[2015-09-14 23:58:17] EDIT example_32/models/db.py: 0
[2015-09-14 23:58:54] EDIT example_32/models/db.py: 0
[2015-09-16 02:48:10] EDIT example_32/controllers/database_examples.py: 0
[2015-09-16 02:52:26] EDIT example_32/controllers/database_examples.py: 1
[2015-09-16 02:53:13] EDIT example_32/views/database_examples/manage_transactions.html: 1
[2015-09-16 02:54:54] EDIT example_32/models/db.py: 0
[2015-09-17 19:45:33] EDIT example_32/models/db.py: 0
[2015-09-17 19:47:29] EDIT example_32/controllers/database_examples.py: 0
[2015-09-17 19:49:46] EDIT example_32/models/db.py: 0
[2015-09-17 19:59:06] EDIT example_32/models/db.py: 0
[2015-09-18 15:18:31] EDIT example_32/controllers/database_examples.py: 0
[2015-09-18 15:18:46] EDIT example_32/controllers/database_examples.py: 0
[2015-09-18 15:25:37] EDIT example_32/controllers/database_examples.py: 0
[2015-09-18 15:26:16] EDIT example_32/controllers/database_examples.py: 1
[2015-09-18 15:37:04] EDIT example_32/controllers/database_examples.py: 0
[2015-12-17 15:55:39] CREATE streetmap.py: 0
[2015-12-17 15:56:00] EDIT example_32/controllers/streetmap.py: 25
[2015-12-17 15:58:20] CREATE streetmap/index.html: 0
[2015-12-31 17:43:33] EDIT example_32/models/db.py: -1
[2015-12-31 17:44:07] EDIT example_32/models/db.py: 1
[2016-04-01 10:26:05] EDIT template/models/db.py: -23
[2016-04-01 10:26:26] DELETE template/controllers/streetmap.py: -26
[2016-04-01 10:26:38] DELETE template/controllers/database_examples.py: -65
[2016-04-01 10:26:52] DELETE template/views/database_examples/buy.html: -4
[2016-04-01 10:26:58] DELETE template/views/database_examples/manage_transactions.html: -6
[2016-04-01 10:27:04] DELETE template/views/database_examples/register_person.html: -24
[2016-04-01 10:27:09] DELETE template/views/database_examples/register_product.html: -5
[2016-04-01 10:27:38] EDIT template/controllers/default.py: 0
[2016-04-01 10:31:25] EDIT template/views/default/index.html: 16
[2016-04-01 10:32:05] EDIT template/controllers/default.py: 0
[2016-04-01 10:46:18] EDIT template/controllers/default.py: 0
[2016-04-01 10:49:12] EDIT template/controllers/default.py: 0
[2016-04-01 10:49:17] EDIT template/controllers/default.py: 0
[2016-04-01 10:49:28] EDIT template/controllers/default.py: -7
[2016-04-01 14:02:09] EDIT template/controllers/default.py: 1
[2016-04-01 14:03:12] EDIT template/models/menu.py: 0
[2016-04-01 14:03:42] EDIT template/controllers/default.py: 0
[2016-04-01 14:04:06] EDIT template/controllers/default.py: 0
[2016-04-07 16:44:38] EDIT TEMPLATE/models/db.py: 0
[2016-04-07 16:46:00] EDIT TEMPLATE/models/db.py: 0
[2016-04-15 11:37:49] EDIT TEMPLATE/models/db.py: 0
[2016-04-15 11:38:15] EDIT TEMPLATE/models/db.py: 0
[2016-04-15 11:40:05] EDIT TEMPLATE/controllers/default.py: 1
[2016-04-15 11:41:05] EDIT TEMPLATE/controllers/default.py: 0
[2016-04-15 11:43:16] EDIT TEMPLATE/controllers/default.py: -1
[2016-04-15 11:43:49] EDIT TEMPLATE/controllers/default.py: 1
[2016-04-15 11:44:21] EDIT TEMPLATE/controllers/default.py: 0
[2016-04-15 11:44:42] EDIT TEMPLATE/controllers/default.py: 0
[2016-04-15 11:46:35] EDIT TEMPLATE/controllers/default.py: 0
[2016-04-15 12:01:37] EDIT TEMPLATE/controllers/default.py: 0
[2016-04-15 12:03:45] EDIT TEMPLATE/controllers/default.py: 0
[2016-04-15 12:04:07] EDIT TEMPLATE/controllers/default.py: 0
[2016-04-15 12:07:55] EDIT TEMPLATE/controllers/default.py: 0
[2016-04-15 12:17:00] EDIT TEMPLATE/controllers/default.py: 0
[2016-04-15 12:17:30] EDIT TEMPLATE/controllers/default.py: 0
[2016-04-15 12:22:22] EDIT TEMPLATE/models/db.py: 0
[2016-04-18 10:22:57] EDIT TEMPLATE/controllers/default.py: 9
[2016-04-18 10:23:03] EDIT TEMPLATE/controllers/default.py: 0
[2016-04-18 10:23:47] EDIT TEMPLATE/controllers/default.py: 0
[2016-04-18 10:24:18] EDIT TEMPLATE/controllers/default.py: 0
[2016-04-18 10:24:53] EDIT TEMPLATE/controllers/default.py: 0
[2016-04-18 10:32:25] EDIT TEMPLATE/controllers/default.py: 0
[2016-04-18 10:34:12] EDIT TEMPLATE/controllers/default.py: 1
[2016-04-18 10:35:28] EDIT TEMPLATE/controllers/default.py: 0
[2016-04-18 10:42:42] EDIT TEMPLATE/models/db.py: 0
[2016-04-18 10:42:46] EDIT TEMPLATE/models/db.py: 0
[2016-04-18 10:44:05] EDIT TEMPLATE/controllers/default.py: 0
[2016-04-18 10:53:29] EDIT TEMPLATE/controllers/default.py: 0
[2016-04-18 10:53:55] EDIT TEMPLATE/controllers/default.py: 0
[2016-04-18 10:54:15] EDIT TEMPLATE/controllers/default.py: 0
[2016-04-18 11:02:07] EDIT TEMPLATE/models/db.py: 1
[2016-04-18 11:02:23] EDIT TEMPLATE/models/db.py: 0
[2016-04-18 11:03:37] EDIT TEMPLATE/models/db.py: 1
[2016-04-19 10:37:23] EDIT TEMPLATE/models/menu.py: 0
[2016-04-19 10:58:48] EDIT TEMPLATE/models/menu.py: 0
[2016-04-19 10:58:59] EDIT TEMPLATE/models/menu.py: 0
[2016-04-19 10:59:31] EDIT TEMPLATE/models/menu.py: 0
[2016-04-19 10:59:45] EDIT TEMPLATE/models/menu.py: 0
[2016-04-19 11:02:33] EDIT TEMPLATE/views/default/index.html: -15
[2016-04-19 11:03:43] EDIT TEMPLATE/models/menu.py: 0
[2016-04-19 11:03:51] EDIT TEMPLATE/views/default/index.html: 14
[2016-04-19 11:05:12] EDIT TEMPLATE/views/default/index.html: 1
[2016-04-19 11:05:49] EDIT TEMPLATE/views/default/index.html: 0
[2016-04-19 11:06:19] EDIT TEMPLATE/views/default/index.html: -1
[2016-04-19 11:06:50] EDIT TEMPLATE/controllers/default.py: 1
[2016-04-19 11:06:59] EDIT TEMPLATE/controllers/default.py: 0
[2016-04-19 11:07:13] EDIT TEMPLATE/controllers/default.py: 0
[2016-04-19 11:17:14] EDIT TEMPLATE/models/menu.py: -99
[2016-04-19 11:36:26] EDIT TEMPLATE/models/menu.py: 1
[2016-04-19 11:37:26] EDIT TEMPLATE/models/menu.py: -2
[2016-04-19 11:37:47] EDIT TEMPLATE/models/menu.py: -1
[2016-04-19 11:38:01] EDIT TEMPLATE/models/menu.py: -1
[2016-04-19 11:38:09] EDIT TEMPLATE/models/menu.py: 0
[2016-04-19 11:40:33] EDIT TEMPLATE/models/menu.py: 96
[2016-04-19 11:40:36] EDIT TEMPLATE/models/menu.py: 0
[2016-04-19 11:43:24] EDIT TEMPLATE/models/menu.py: 0
[2016-04-19 15:48:14] EDIT TEMPLATE/models/db.py: 10
[2016-04-19 16:06:43] EDIT TEMPLATE/models/db.py: 0
[2016-04-19 16:07:05] EDIT TEMPLATE/models/db.py: 1
[2016-04-19 16:07:16] EDIT TEMPLATE/models/db.py: 0
[2016-04-22 16:03:50] EDIT TEMPLATE/models/menu.py: -48
[2016-04-22 16:04:09] EDIT TEMPLATE/models/menu.py: 0
[2016-04-22 16:04:30] EDIT TEMPLATE/models/menu.py: -3
[2016-04-22 16:06:37] EDIT TEMPLATE/models/menu.py: 0
[2016-04-22 16:07:06] EDIT TEMPLATE/models/menu.py: 4
